This file contains any messages produced by compilers while
running configure, to aid debugging if configure makes a mistake.

It was created by configure, which was
generated by GNU Autoconf 2.69.  Invocation command line was

  $ ./configure --enable-memcache

## --------- ##
## Platform. ##
## --------- ##

hostname = dhcp-46-136.eecs.berkeley.edu
uname -m = x86_64
uname -r = 12.4.0
uname -s = Darwin
uname -v = Darwin Kernel Version 12.4.0: Wed May  1 17:57:12 PDT 2013; root:xnu-2050.24.15~1/RELEASE_X86_64

/usr/bin/uname -p = i386
/bin/uname -X     = unknown

/bin/arch              = unknown
/usr/bin/arch -k       = unknown
/usr/convex/getsysinfo = unknown
/usr/bin/hostinfo      = Mach kernel version:
	 Darwin Kernel Version 12.4.0: Wed May  1 17:57:12 PDT 2013; root:xnu-2050.24.15~1/RELEASE_X86_64
Kernel configured for up to 8 processors.
4 processors are physically available.
8 processors are logically available.
Processor type: i486 (Intel 80486)
Processors active: 0 1 2 3 4 5 6 7
Primary memory available: 8.00 gigabytes
Default processor set: 153 tasks, 1116 threads, 8 processors
Load average: 4.97, Mach factor: 3.07
/bin/machine           = unknown
/usr/bin/oslevel       = unknown
/bin/universe          = unknown

PATH: /usr/bin
PATH: /bin
PATH: /usr/sbin
PATH: /sbin
PATH: /usr/local/bin
PATH: /usr/texbin


## ----------- ##
## Core tests. ##
## ----------- ##

configure:2616: checking for grep that handles long lines and -e
configure:2674: result: /usr/bin/grep
configure:2679: checking for egrep
configure:2741: result: /usr/bin/grep -E
configure:2746: checking for a sed that does not truncate output
configure:2800: result: /usr/bin/sed
configure:2932: checking for cc
configure:2948: found /usr/bin/cc
configure:2959: result: cc
configure:2990: checking for C compiler version
configure:2999: cc --version >&5
Apple LLVM version 4.2 (clang-425.0.28) (based on LLVM 3.2svn)
Target: x86_64-apple-darwin12.4.0
Thread model: posix
configure:3010: $? = 0
configure:2999: cc -v >&5
Apple LLVM version 4.2 (clang-425.0.28) (based on LLVM 3.2svn)
Target: x86_64-apple-darwin12.4.0
Thread model: posix
configure:3010: $? = 0
configure:2999: cc -V >&5
clang: error: argument to '-V' is missing (expected 1 value)
clang: error: no input files
configure:3010: $? = 1
configure:2999: cc -qversion >&5
clang: error: no input files
configure:3010: $? = 1
configure:3030: checking whether the C compiler works
configure:3052: cc    conftest.c  >&5
configure:3056: $? = 0
configure:3104: result: yes
configure:3107: checking for C compiler default output file name
configure:3109: result: a.out
configure:3115: checking for suffix of executables
configure:3122: cc -o conftest    conftest.c  >&5
configure:3126: $? = 0
configure:3148: result: 
configure:3170: checking whether we are cross compiling
configure:3178: cc -o conftest    conftest.c  >&5
configure:3182: $? = 0
configure:3189: ./conftest
configure:3193: $? = 0
configure:3208: result: no
configure:3213: checking for suffix of object files
configure:3235: cc -c   conftest.c >&5
configure:3239: $? = 0
configure:3260: result: o
configure:3264: checking whether we are using the GNU C compiler
configure:3283: cc -c   conftest.c >&5
configure:3283: $? = 0
configure:3292: result: yes
configure:3301: checking whether cc accepts -g
configure:3321: cc -c -g  conftest.c >&5
configure:3321: $? = 0
configure:3362: result: yes
configure:3379: checking for cc option to accept ISO C89
configure:3442: cc  -c -g -O2  conftest.c >&5
configure:3442: $? = 0
configure:3455: result: none needed
configure:3481: checking how to run the C preprocessor
configure:3512: cc -E  conftest.c
configure:3512: $? = 0
configure:3526: cc -E  conftest.c
conftest.c:9:10: fatal error: 'ac_nonexistent.h' file not found
#include <ac_nonexistent.h>
         ^
1 error generated.
configure:3526: $? = 1
configure: failed program was:
| /* confdefs.h */
| #define PACKAGE_NAME ""
| #define PACKAGE_TARNAME ""
| #define PACKAGE_VERSION ""
| #define PACKAGE_STRING ""
| #define PACKAGE_BUGREPORT ""
| #define PACKAGE_URL ""
| /* end confdefs.h.  */
| #include <ac_nonexistent.h>
configure:3551: result: cc -E
configure:3571: cc -E  conftest.c
configure:3571: $? = 0
configure:3585: cc -E  conftest.c
conftest.c:9:10: fatal error: 'ac_nonexistent.h' file not found
#include <ac_nonexistent.h>
         ^
1 error generated.
configure:3585: $? = 1
configure: failed program was:
| /* confdefs.h */
| #define PACKAGE_NAME ""
| #define PACKAGE_TARNAME ""
| #define PACKAGE_VERSION ""
| #define PACKAGE_STRING ""
| #define PACKAGE_BUGREPORT ""
| #define PACKAGE_URL ""
| /* end confdefs.h.  */
| #include <ac_nonexistent.h>
configure:3616: checking for icc
configure:3625: result: no
configure:3639: checking for suncc
configure:3648: result: no
configure:3666: checking whether cc understands -c and -o together
configure:3694: cc -c conftest.c -o conftest2.o >&5
configure:3698: $? = 0
configure:3704: cc -c conftest.c -o conftest2.o >&5
configure:3708: $? = 0
configure:3763: result: yes
configure:3777: checking for system library directory
configure:3792: result: lib
configure:3799: checking if compiler supports -R
configure:3818: cc -o conftest -g -O2   conftest.c -R /usr/lib  >&5
clang: warning: argument unused during compilation: '-R'
ld: can't map file, errno=22 for architecture x86_64
clang: error: linker command failed with exit code 1 (use -v to see invocation)
configure:3818: $? = 1
configure: failed program was:
| /* confdefs.h */
| #define PACKAGE_NAME ""
| #define PACKAGE_TARNAME ""
| #define PACKAGE_VERSION ""
| #define PACKAGE_STRING ""
| #define PACKAGE_BUGREPORT ""
| #define PACKAGE_URL ""
| /* end confdefs.h.  */
| 
| int
| main ()
| {
| 
|   ;
|   return 0;
| }
configure:3828: result: no
configure:3833: checking if compiler supports -Wl,-rpath,
configure:3852: cc -o conftest -g -O2   conftest.c -Wl,-rpath,/usr/lib  >&5
configure:3852: $? = 0
configure:3862: result: yes
configure:3907: checking build system type
configure:3921: result: i386-apple-darwin12.4.0
configure:3941: checking host system type
configure:3954: result: i386-apple-darwin12.4.0
configure:3974: checking target system type
configure:3987: result: i386-apple-darwin12.4.0
configure:4090: checking for PHP prefix
configure:4092: result: /usr
configure:4094: checking for PHP includes
configure:4096: result: -I/usr/include/php -I/usr/include/php/main -I/usr/include/php/TSRM -I/usr/include/php/Zend -I/usr/include/php/ext -I/usr/include/php/ext/date/lib
configure:4098: checking for PHP extension directory
configure:4100: result: /usr/lib/php/extensions/no-debug-non-zts-20090626
configure:4102: checking for PHP installed headers prefix
configure:4104: result: /usr/include/php
configure:4107: checking if debug is enabled
configure:4133: result: no
configure:4136: checking if zts is enabled
configure:4162: result: no
configure:4233: checking for re2c
configure:4263: result: no
configure:4288: WARNING: You will need re2c 0.13.4 or later if you want to regenerate PHP parsers.
configure:4302: checking for gawk
configure:4333: result: no
configure:4302: checking for nawk
configure:4333: result: no
configure:4302: checking for awk
configure:4319: found /usr/bin/awk
configure:4330: result: awk
configure:4353: checking if awk is broken
configure:4360: result: no
configure:4375: checking whether to enable memcache support
configure:4414: result: yes, shared
configure:4423: checking whether to enable memcache session handler support
configure:4437: result: yes
configure:4447: checking for the location of ZLIB
configure:4462: result: no
configure:4507: checking for the location of zlib
configure:4512: result: /usr
configure:4745: checking for session includes
configure:4766: result: /usr/include/php
configure:4771: checking for memcache session support
configure:4774: result: enabled
configure:5498: checking for ld used by cc
configure:5565: result: /usr/bin/ld
configure:5572: checking if the linker (/usr/bin/ld) is GNU ld
configure:5587: result: no
configure:5592: checking for /usr/bin/ld option to reload object files
configure:5599: result: -r
configure:5617: checking for BSD-compatible nm
configure:5666: result: /usr/bin/nm
configure:5670: checking whether ln -s works
configure:5674: result: yes
configure:5681: checking how to recognize dependent libraries
configure:5867: result: pass_all
configure:6079: checking for ANSI C header files
configure:6099: cc -c -g -O2  conftest.c >&5
configure:6099: $? = 0
configure:6172: cc -o conftest -g -O2   conftest.c  >&5
configure:6172: $? = 0
configure:6172: ./conftest
configure:6172: $? = 0
configure:6183: result: yes
configure:6196: checking for sys/types.h
configure:6196: cc -c -g -O2  conftest.c >&5
configure:6196: $? = 0
configure:6196: result: yes
configure:6196: checking for sys/stat.h
configure:6196: cc -c -g -O2  conftest.c >&5
configure:6196: $? = 0
configure:6196: result: yes
configure:6196: checking for stdlib.h
configure:6196: cc -c -g -O2  conftest.c >&5
configure:6196: $? = 0
configure:6196: result: yes
configure:6196: checking for string.h
configure:6196: cc -c -g -O2  conftest.c >&5
configure:6196: $? = 0
configure:6196: result: yes
configure:6196: checking for memory.h
configure:6196: cc -c -g -O2  conftest.c >&5
configure:6196: $? = 0
configure:6196: result: yes
configure:6196: checking for strings.h
configure:6196: cc -c -g -O2  conftest.c >&5
configure:6196: $? = 0
configure:6196: result: yes
configure:6196: checking for inttypes.h
configure:6196: cc -c -g -O2  conftest.c >&5
configure:6196: $? = 0
configure:6196: result: yes
configure:6196: checking for stdint.h
configure:6196: cc -c -g -O2  conftest.c >&5
configure:6196: $? = 0
configure:6196: result: yes
configure:6196: checking for unistd.h
configure:6196: cc -c -g -O2  conftest.c >&5
configure:6196: $? = 0
configure:6196: result: yes
configure:6210: checking dlfcn.h usability
configure:6210: cc -c -g -O2  conftest.c >&5
configure:6210: $? = 0
configure:6210: result: yes
configure:6210: checking dlfcn.h presence
configure:6210: cc -E  conftest.c
configure:6210: $? = 0
configure:6210: result: yes
configure:6210: checking for dlfcn.h
configure:6210: result: yes
configure:6232: checking the maximum length of command line arguments
configure:6344: result: 196608
configure:6356: checking command to parse /usr/bin/nm output from cc object
configure:6461: cc -c -g -O2  conftest.c >&5
configure:6464: $? = 0
configure:6468: /usr/bin/nm conftest.o \| sed -n -e 's/^.*[ 	]\([BCDEGRST][BCDEGRST]*\)[ 	][ 	]*\([_A-Za-z][_A-Za-z0-9]*\)$/\1 \2 \2/p' \> conftest.nm
configure:6471: $? = 0
cannot find nm_test_var in conftest.nm
configure:6461: cc -c -g -O2  conftest.c >&5
configure:6464: $? = 0
configure:6468: /usr/bin/nm conftest.o \| sed -n -e 's/^.*[ 	]\([BCDEGRST][BCDEGRST]*\)[ 	][ 	]*_\([_A-Za-z][_A-Za-z0-9]*\)$/\1 _\2 \2/p' \> conftest.nm
configure:6471: $? = 0
configure:6523: cc -o conftest -g -O2   conftest.c conftstm.o >&5
configure:6526: $? = 0
configure:6564: result: ok
configure:6568: checking for objdir
configure:6583: result: .libs
configure:6675: checking for ar
configure:6691: found /usr/bin/ar
configure:6702: result: ar
configure:6767: checking for ranlib
configure:6783: found /usr/bin/ranlib
configure:6794: result: ranlib
configure:6859: checking for strip
configure:6875: found /usr/bin/strip
configure:6886: result: strip
configure:7139: checking for dsymutil
configure:7155: found /usr/bin/dsymutil
configure:7166: result: dsymutil
configure:7231: checking for nmedit
configure:7247: found /usr/bin/nmedit
configure:7258: result: nmedit
configure:7281: checking for -single_module linker flag
configure:7302: result: yes
configure:7304: checking for -exported_symbols_list linker flag
configure:7320: cc -o conftest -g -O2   -Wl,-exported_symbols_list,conftest.sym conftest.c  >&5
configure:7323: $? = 0
configure:7337: result: yes
configure:7455: checking if cc supports -fno-rtti -fno-exceptions
configure:7473: cc -c -g -O2  -fno-rtti -fno-exceptions conftest.c >&5
configure:7477: $? = 0
configure:7490: result: yes
configure:7505: checking for cc option to produce PIC
configure:7745: result: -fno-common
configure:7753: checking if cc PIC flag -fno-common works
configure:7771: cc -c -g -O2  -fno-common -DPIC conftest.c >&5
configure:7775: $? = 0
configure:7788: result: yes
configure:7816: checking if cc static flag -static works
configure:7844: result: no
configure:7854: checking if cc supports -c -o file.o
configure:7875: cc -c -g -O2  -o out/conftest2.o conftest.c >&5
configure:7879: $? = 0
configure:7901: result: yes
configure:7927: checking whether the cc linker (/usr/bin/ld) supports shared libraries
configure:8859: result: yes
configure:8926: checking dynamic linker characteristics
configure:9528: result: darwin12.4.0 dyld
configure:9552: checking how to hardcode library paths into programs
configure:9577: result: immediate
configure:9591: checking whether stripping libraries is possible
configure:9605: result: yes
configure:10113: checking if libtool supports shared libraries
configure:10115: result: yes
configure:10118: checking whether to build shared libraries
configure:10139: result: yes
configure:10142: checking whether to build static libraries
configure:10146: result: no
configure:10241: result:
creating libtool
configure:13944: creating ./config.status

## ---------------------- ##
## Running config.status. ##
## ---------------------- ##

This file was extended by config.status, which was
generated by GNU Autoconf 2.69.  Invocation command line was

  CONFIG_FILES    = 
  CONFIG_HEADERS  = 
  CONFIG_LINKS    = 
  CONFIG_COMMANDS = 
  $ ./config.status 

on dhcp-46-136.eecs.berkeley.edu

config.status:678: creating config.h

## ---------------- ##
## Cache variables. ##
## ---------------- ##

ac_cv_build=i386-apple-darwin12.4.0
ac_cv_c_compiler_gnu=yes
ac_cv_env_CC_set=
ac_cv_env_CC_value=
ac_cv_env_CFLAGS_set=
ac_cv_env_CFLAGS_value=
ac_cv_env_CPPFLAGS_set=
ac_cv_env_CPPFLAGS_value=
ac_cv_env_CPP_set=
ac_cv_env_CPP_value=
ac_cv_env_LDFLAGS_set=
ac_cv_env_LDFLAGS_value=
ac_cv_env_LIBS_set=
ac_cv_env_LIBS_value=
ac_cv_env_build_alias_set=
ac_cv_env_build_alias_value=
ac_cv_env_host_alias_set=
ac_cv_env_host_alias_value=
ac_cv_env_target_alias_set=
ac_cv_env_target_alias_value=
ac_cv_header_dlfcn_h=yes
ac_cv_header_inttypes_h=yes
ac_cv_header_memory_h=yes
ac_cv_header_stdc=yes
ac_cv_header_stdint_h=yes
ac_cv_header_stdlib_h=yes
ac_cv_header_string_h=yes
ac_cv_header_strings_h=yes
ac_cv_header_sys_stat_h=yes
ac_cv_header_sys_types_h=yes
ac_cv_header_unistd_h=yes
ac_cv_host=i386-apple-darwin12.4.0
ac_cv_objext=o
ac_cv_path_EGREP='/usr/bin/grep -E'
ac_cv_path_GREP=/usr/bin/grep
ac_cv_prog_AWK=awk
ac_cv_prog_CPP='cc -E'
ac_cv_prog_ac_ct_AR=ar
ac_cv_prog_ac_ct_CC=cc
ac_cv_prog_ac_ct_DSYMUTIL=dsymutil
ac_cv_prog_ac_ct_NMEDIT=nmedit
ac_cv_prog_ac_ct_RANLIB=ranlib
ac_cv_prog_ac_ct_STRIP=strip
ac_cv_prog_cc_c89=
ac_cv_prog_cc_cc_c_o=yes
ac_cv_prog_cc_g=yes
ac_cv_target=i386-apple-darwin12.4.0
lt_cv_apple_cc_single_mod=yes
lt_cv_deplibs_check_method=pass_all
lt_cv_file_magic_cmd='$MAGIC_CMD'
lt_cv_file_magic_test_file=
lt_cv_ld_exported_symbols_list=yes
lt_cv_ld_reload_flag=-r
lt_cv_objdir=.libs
lt_cv_path_LD=/usr/bin/ld
lt_cv_path_NM=/usr/bin/nm
lt_cv_path_SED=/usr/bin/sed
lt_cv_prog_compiler_c_o=yes
lt_cv_prog_compiler_pic_works=yes
lt_cv_prog_compiler_rtti_exceptions=yes
lt_cv_prog_compiler_static_works=no
lt_cv_prog_gnu_ld=no
lt_cv_sys_global_symbol_pipe='sed -n -e '\''s/^.*[ 	]\([BCDEGRST][BCDEGRST]*\)[ 	][ 	]*_\([_A-Za-z][_A-Za-z0-9]*\)$/\1 _\2 \2/p'\'''
lt_cv_sys_global_symbol_to_c_name_address='sed -n -e '\''s/^: \([^ ]*\) $/  {\"\1\", (lt_ptr) 0},/p'\'' -e '\''s/^[BCDEGRST] \([^ ]*\) \([^ ]*\)$/  {"\2", (lt_ptr) \&\2},/p'\'''
lt_cv_sys_global_symbol_to_cdecl='sed -n -e '\''s/^. .* \(.*\)$/extern int \1;/p'\'''
lt_cv_sys_lib_dlsearch_path_spec='/usr/local/lib /lib /usr/lib'
lt_cv_sys_lib_search_path_spec='/usr/lib/clang/4.2 /usr/local/lib'
lt_cv_sys_max_cmd_len=196608
lt_lt_cv_prog_compiler_c_o='"yes"'
lt_lt_cv_sys_global_symbol_pipe='"sed -n -e '\''s/^.*[ 	]\\([BCDEGRST][BCDEGRST]*\\)[ 	][ 	]*_\\([_A-Za-z][_A-Za-z0-9]*\\)\$/\\1 _\\2 \\2/p'\''"'
lt_lt_cv_sys_global_symbol_to_c_name_address='"sed -n -e '\''s/^: \\([^ ]*\\) \$/  {\\\"\\1\\\", (lt_ptr) 0},/p'\'' -e '\''s/^[BCDEGRST] \\([^ ]*\\) \\([^ ]*\\)\$/  {\"\\2\", (lt_ptr) \\&\\2},/p'\''"'
lt_lt_cv_sys_global_symbol_to_cdecl='"sed -n -e '\''s/^. .* \\(.*\\)\$/extern int \\1;/p'\''"'
php_cv_cc_dashr=no
php_cv_cc_rpath=yes

## ----------------- ##
## Output variables. ##
## ----------------- ##

AR='ar'
AWK='awk'
CC='cc'
CFLAGS='-g -O2'
CONFIGURE_COMMAND=' '\''./configure'\''  '\''--enable-memcache'\'''
CONFIGURE_OPTIONS=' '\''--enable-memcache'\'''
CPP='cc -E'
CPPFLAGS=' -DHAVE_CONFIG_H'
DEFS='-DHAVE_CONFIG_H'
DSYMUTIL='dsymutil'
ECHO='/bin/echo'
ECHO_C='\c'
ECHO_N=''
ECHO_T=''
EGREP='/usr/bin/grep -E'
EXEEXT=''
GREP='/usr/bin/grep'
LDFLAGS=''
LIBOBJS=''
LIBS=''
LIBTOOL='$(SHELL) $(top_builddir)/libtool'
LN_S='ln -s'
LTLIBOBJS=''
NMEDIT='nmedit'
OBJEXT='o'
PACKAGE_BUGREPORT=''
PACKAGE_NAME=''
PACKAGE_STRING=''
PACKAGE_TARNAME=''
PACKAGE_URL=''
PACKAGE_VERSION=''
PATH_SEPARATOR=':'
RANLIB='ranlib'
RE2C='exit 0;'
SED='/usr/bin/sed'
SHELL='/bin/sh'
SHLIB_DL_SUFFIX_NAME='so'
SHLIB_SUFFIX_NAME='dylib'
STRIP='strip'
ac_ct_CC='cc'
bindir='${exec_prefix}/bin'
build='i386-apple-darwin12.4.0'
build_alias=''
build_cpu='i386'
build_os='darwin12.4.0'
build_vendor='apple'
datadir='${datarootdir}'
datarootdir='${prefix}/share'
docdir='${datarootdir}/doc/${PACKAGE}'
dvidir='${docdir}'
exec_prefix='$(prefix)'
host='i386-apple-darwin12.4.0'
host_alias='i386-apple-darwin12.4.0'
host_cpu='i386'
host_os='darwin12.4.0'
host_vendor='apple'
htmldir='${docdir}'
includedir='${prefix}/include'
infodir='${datarootdir}/info'
libdir='${exec_prefix}/lib'
libexecdir='${exec_prefix}/libexec'
localedir='${datarootdir}/locale'
localstatedir='${prefix}/var'
mandir='${datarootdir}/man'
oldincludedir='/usr/include'
pdfdir='${docdir}'
prefix='/usr'
program_transform_name='s,x,x,'
psdir='${docdir}'
sbindir='${exec_prefix}/sbin'
sharedstatedir='${prefix}/com'
sysconfdir='${prefix}/etc'
target='i386-apple-darwin12.4.0'
target_alias=''
target_cpu='i386'
target_os='darwin12.4.0'
target_vendor='apple'

## ----------- ##
## confdefs.h. ##
## ----------- ##

/* confdefs.h */
#define PACKAGE_NAME ""
#define PACKAGE_TARNAME ""
#define PACKAGE_VERSION ""
#define PACKAGE_STRING ""
#define PACKAGE_BUGREPORT ""
#define PACKAGE_URL ""
#define HAVE_MEMCACHE_SESSION 1
#define HAVE_MEMCACHE 1
#define COMPILE_DL_MEMCACHE 1
#define STDC_HEADERS 1
#define HAVE_SYS_TYPES_H 1
#define HAVE_SYS_STAT_H 1
#define HAVE_STDLIB_H 1
#define HAVE_STRING_H 1
#define HAVE_MEMORY_H 1
#define HAVE_STRINGS_H 1
#define HAVE_INTTYPES_H 1
#define HAVE_STDINT_H 1
#define HAVE_UNISTD_H 1
#define HAVE_DLFCN_H 1

configure: exit 0
