This file contains any messages produced by compilers while
running configure, to aid debugging if configure makes a mistake.

It was created by readingdb configure 0.6.0, which was
generated by GNU Autoconf 2.69.  Invocation command line was

  $ ./configure 

## --------- ##
## Platform. ##
## --------- ##

hostname = dhcp-44-209.eecs.berkeley.edu
uname -m = x86_64
uname -r = 12.4.0
uname -s = Darwin
uname -v = Darwin Kernel Version 12.4.0: Wed May  1 17:57:12 PDT 2013; root:xnu-2050.24.15~1/RELEASE_X86_64

/usr/bin/uname -p = i386
/bin/uname -X     = unknown

/bin/arch              = unknown
/usr/bin/arch -k       = unknown
/usr/convex/getsysinfo = unknown
/usr/bin/hostinfo      = Mach kernel version:
	 Darwin Kernel Version 12.4.0: Wed May  1 17:57:12 PDT 2013; root:xnu-2050.24.15~1/RELEASE_X86_64
Kernel configured for up to 8 processors.
4 processors are physically available.
8 processors are logically available.
Processor type: i486 (Intel 80486)
Processors active: 0 1 2 3 4 5 6 7
Primary memory available: 8.00 gigabytes
Default processor set: 191 tasks, 1131 threads, 8 processors
Load average: 1.26, Mach factor: 6.72
/bin/machine           = unknown
/usr/bin/oslevel       = unknown
/bin/universe          = unknown

PATH: /usr/local/bin
PATH: /opt/local/bin
PATH: /opt/local/sbin
PATH: /usr/texbin
PATH: /opt/local/bin
PATH: /opt/local/sbin
PATH: /usr/texbin
PATH: /usr/bin
PATH: /bin
PATH: /usr/sbin
PATH: /sbin
PATH: /usr/local/bin
PATH: /usr/texbin


## ----------- ##
## Core tests. ##
## ----------- ##

configure:2209: checking for a BSD-compatible install
configure:2277: result: /usr/bin/install -c
configure:2288: checking whether build environment is sane
configure:2343: result: yes
configure:2494: checking for a thread-safe mkdir -p
configure:2533: result: ./install-sh -c -d
configure:2540: checking for gawk
configure:2570: result: no
configure:2540: checking for mawk
configure:2570: result: no
configure:2540: checking for nawk
configure:2570: result: no
configure:2540: checking for awk
configure:2556: found /usr/bin/awk
configure:2567: result: awk
configure:2578: checking whether make sets $(MAKE)
configure:2600: result: yes
configure:2629: checking whether make supports nested variables
configure:2646: result: yes
configure:2778: checking for gcc
configure:2794: found /usr/bin/gcc
configure:2805: result: gcc
configure:3034: checking for C compiler version
configure:3043: gcc --version >&5
i686-apple-darwin11-llvm-gcc-4.2 (GCC) 4.2.1 (Based on Apple Inc. build 5658) (LLVM build 2336.11.00)
Copyright (C) 2007 Free Software Foundation, Inc.
This is free software; see the source for copying conditions.  There is NO
warranty; not even for MERCHANTABILITY or FITNESS FOR A PARTICULAR PURPOSE.

configure:3054: $? = 0
configure:3043: gcc -v >&5
Using built-in specs.
Target: i686-apple-darwin11
Configured with: /private/var/tmp/llvmgcc42/llvmgcc42-2336.11~182/src/configure --disable-checking --enable-werror --prefix=/Applications/Xcode.app/Contents/Developer/usr/llvm-gcc-4.2 --mandir=/share/man --enable-languages=c,objc,c++,obj-c++ --program-prefix=llvm- --program-transform-name=/^[cg][^.-]*$/s/$/-4.2/ --with-slibdir=/usr/lib --build=i686-apple-darwin11 --enable-llvm=/private/var/tmp/llvmgcc42/llvmgcc42-2336.11~182/dst-llvmCore/Developer/usr/local --program-prefix=i686-apple-darwin11- --host=x86_64-apple-darwin11 --target=i686-apple-darwin11 --with-gxx-include-dir=/usr/include/c++/4.2.1
Thread model: posix
gcc version 4.2.1 (Based on Apple Inc. build 5658) (LLVM build 2336.11.00)
configure:3054: $? = 0
configure:3043: gcc -V >&5
llvm-gcc-4.2: argument to `-V' is missing
configure:3054: $? = 1
configure:3043: gcc -qversion >&5
i686-apple-darwin11-llvm-gcc-4.2: no input files
configure:3054: $? = 1
configure:3074: checking whether the C compiler works
configure:3096: gcc    conftest.c  >&5
configure:3100: $? = 0
configure:3148: result: yes
configure:3151: checking for C compiler default output file name
configure:3153: result: a.out
configure:3159: checking for suffix of executables
configure:3166: gcc -o conftest    conftest.c  >&5
configure:3170: $? = 0
configure:3192: result: 
configure:3214: checking whether we are cross compiling
configure:3222: gcc -o conftest    conftest.c  >&5
configure:3226: $? = 0
configure:3233: ./conftest
configure:3237: $? = 0
configure:3252: result: no
configure:3257: checking for suffix of object files
configure:3279: gcc -c   conftest.c >&5
configure:3283: $? = 0
configure:3304: result: o
configure:3308: checking whether we are using the GNU C compiler
configure:3327: gcc -c   conftest.c >&5
configure:3327: $? = 0
configure:3336: result: yes
configure:3345: checking whether gcc accepts -g
configure:3365: gcc -c -g  conftest.c >&5
configure:3365: $? = 0
configure:3406: result: yes
configure:3423: checking for gcc option to accept ISO C89
configure:3486: gcc  -c -g -O2  conftest.c >&5
configure:3486: $? = 0
configure:3499: result: none needed
configure:3530: checking for style of include used by make
configure:3558: result: GNU
configure:3584: checking dependency style of gcc
configure:3695: result: gcc3
configure:3711: checking whether gcc and cc understand -c and -o together
configure:3742: gcc -c conftest.c -o conftest2.o >&5
configure:3746: $? = 0
configure:3752: gcc -c conftest.c -o conftest2.o >&5
configure:3756: $? = 0
configure:3767: cc -c conftest.c >&5
configure:3771: $? = 0
configure:3779: cc -c conftest.c -o conftest2.o >&5
configure:3783: $? = 0
configure:3789: cc -c conftest.c -o conftest2.o >&5
configure:3793: $? = 0
configure:3811: result: yes
configure:3879: checking for ranlib
configure:3895: found /usr/bin/ranlib
configure:3906: result: ranlib
configure:3954: checking user to run as
configure:3964: result: readingdb
configure:3972: checking default data directory
configure:3982: result: /var/lib/readingdb
configure:3998: checking how to run the C preprocessor
configure:4029: gcc -E  conftest.c
configure:4029: $? = 0
configure:4043: gcc -E  conftest.c
conftest.c:14:28: error: ac_nonexistent.h: No such file or directory
configure:4043: $? = 1
configure: failed program was:
| /* confdefs.h */
| #define PACKAGE_NAME "readingdb"
| #define PACKAGE_TARNAME "readingdb"
| #define PACKAGE_VERSION "0.6.0"
| #define PACKAGE_STRING "readingdb 0.6.0"
| #define PACKAGE_BUGREPORT "stevedh@eecs.berkeley.edu"
| #define PACKAGE_URL ""
| #define PACKAGE "readingdb"
| #define VERSION "0.6.0"
| #define USE_COMPRESSION /**/
| #define READINGDB_USER "readingdb"
| #define DATA_DIR "/var/lib/readingdb"
| /* end confdefs.h.  */
| #include <ac_nonexistent.h>
configure:4068: result: gcc -E
configure:4088: gcc -E  conftest.c
configure:4088: $? = 0
configure:4102: gcc -E  conftest.c
conftest.c:14:28: error: ac_nonexistent.h: No such file or directory
configure:4102: $? = 1
configure: failed program was:
| /* confdefs.h */
| #define PACKAGE_NAME "readingdb"
| #define PACKAGE_TARNAME "readingdb"
| #define PACKAGE_VERSION "0.6.0"
| #define PACKAGE_STRING "readingdb 0.6.0"
| #define PACKAGE_BUGREPORT "stevedh@eecs.berkeley.edu"
| #define PACKAGE_URL ""
| #define PACKAGE "readingdb"
| #define VERSION "0.6.0"
| #define USE_COMPRESSION /**/
| #define READINGDB_USER "readingdb"
| #define DATA_DIR "/var/lib/readingdb"
| /* end confdefs.h.  */
| #include <ac_nonexistent.h>
configure:4131: checking for grep that handles long lines and -e
configure:4189: result: /usr/bin/grep
configure:4194: checking for egrep
configure:4256: result: /usr/bin/grep -E
configure:4261: checking for ANSI C header files
configure:4281: gcc -c -g -O2  conftest.c >&5
configure:4281: $? = 0
configure:4354: gcc -o conftest -g -O2   conftest.c  >&5
configure:4354: $? = 0
configure:4354: ./conftest
configure:4354: $? = 0
configure:4365: result: yes
configure:4378: checking for sys/types.h
configure:4378: gcc -c -g -O2  conftest.c >&5
configure:4378: $? = 0
configure:4378: result: yes
configure:4378: checking for sys/stat.h
configure:4378: gcc -c -g -O2  conftest.c >&5
configure:4378: $? = 0
configure:4378: result: yes
configure:4378: checking for stdlib.h
configure:4378: gcc -c -g -O2  conftest.c >&5
configure:4378: $? = 0
configure:4378: result: yes
configure:4378: checking for string.h
configure:4378: gcc -c -g -O2  conftest.c >&5
configure:4378: $? = 0
configure:4378: result: yes
configure:4378: checking for memory.h
configure:4378: gcc -c -g -O2  conftest.c >&5
configure:4378: $? = 0
configure:4378: result: yes
configure:4378: checking for strings.h
configure:4378: gcc -c -g -O2  conftest.c >&5
configure:4378: $? = 0
configure:4378: result: yes
configure:4378: checking for inttypes.h
configure:4378: gcc -c -g -O2  conftest.c >&5
configure:4378: $? = 0
configure:4378: result: yes
configure:4378: checking for stdint.h
configure:4378: gcc -c -g -O2  conftest.c >&5
configure:4378: $? = 0
configure:4378: result: yes
configure:4378: checking for unistd.h
configure:4378: gcc -c -g -O2  conftest.c >&5
configure:4378: $? = 0
configure:4378: result: yes
configure:4393: checking for stdlib.h
configure:4393: result: yes
configure:4393: checking for string.h
configure:4393: result: yes
configure:4393: checking endian.h usability
configure:4393: gcc -c -g -O2  conftest.c >&5
conftest.c:59:20: error: endian.h: No such file or directory
configure:4393: $? = 1
configure: failed program was:
| /* confdefs.h */
| #define PACKAGE_NAME "readingdb"
| #define PACKAGE_TARNAME "readingdb"
| #define PACKAGE_VERSION "0.6.0"
| #define PACKAGE_STRING "readingdb 0.6.0"
| #define PACKAGE_BUGREPORT "stevedh@eecs.berkeley.edu"
| #define PACKAGE_URL ""
| #define PACKAGE "readingdb"
| #define VERSION "0.6.0"
| #define USE_COMPRESSION /**/
| #define READINGDB_USER "readingdb"
| #define DATA_DIR "/var/lib/readingdb"
| #define STDC_HEADERS 1
| #define HAVE_SYS_TYPES_H 1
| #define HAVE_SYS_STAT_H 1
| #define HAVE_STDLIB_H 1
| #define HAVE_STRING_H 1
| #define HAVE_MEMORY_H 1
| #define HAVE_STRINGS_H 1
| #define HAVE_INTTYPES_H 1
| #define HAVE_STDINT_H 1
| #define HAVE_UNISTD_H 1
| #define HAVE_STDLIB_H 1
| #define HAVE_STRING_H 1
| /* end confdefs.h.  */
| #include <stdio.h>
| #ifdef HAVE_SYS_TYPES_H
| # include <sys/types.h>
| #endif
| #ifdef HAVE_SYS_STAT_H
| # include <sys/stat.h>
| #endif
| #ifdef STDC_HEADERS
| # include <stdlib.h>
| # include <stddef.h>
| #else
| # ifdef HAVE_STDLIB_H
| #  include <stdlib.h>
| # endif
| #endif
| #ifdef HAVE_STRING_H
| # if !defined STDC_HEADERS && defined HAVE_MEMORY_H
| #  include <memory.h>
| # endif
| # include <string.h>
| #endif
| #ifdef HAVE_STRINGS_H
| # include <strings.h>
| #endif
| #ifdef HAVE_INTTYPES_H
| # include <inttypes.h>
| #endif
| #ifdef HAVE_STDINT_H
| # include <stdint.h>
| #endif
| #ifdef HAVE_UNISTD_H
| # include <unistd.h>
| #endif
| #include <endian.h>
configure:4393: result: no
configure:4393: checking endian.h presence
configure:4393: gcc -E  conftest.c
conftest.c:26:20: error: endian.h: No such file or directory
configure:4393: $? = 1
configure: failed program was:
| /* confdefs.h */
| #define PACKAGE_NAME "readingdb"
| #define PACKAGE_TARNAME "readingdb"
| #define PACKAGE_VERSION "0.6.0"
| #define PACKAGE_STRING "readingdb 0.6.0"
| #define PACKAGE_BUGREPORT "stevedh@eecs.berkeley.edu"
| #define PACKAGE_URL ""
| #define PACKAGE "readingdb"
| #define VERSION "0.6.0"
| #define USE_COMPRESSION /**/
| #define READINGDB_USER "readingdb"
| #define DATA_DIR "/var/lib/readingdb"
| #define STDC_HEADERS 1
| #define HAVE_SYS_TYPES_H 1
| #define HAVE_SYS_STAT_H 1
| #define HAVE_STDLIB_H 1
| #define HAVE_STRING_H 1
| #define HAVE_MEMORY_H 1
| #define HAVE_STRINGS_H 1
| #define HAVE_INTTYPES_H 1
| #define HAVE_STDINT_H 1
| #define HAVE_UNISTD_H 1
| #define HAVE_STDLIB_H 1
| #define HAVE_STRING_H 1
| /* end confdefs.h.  */
| #include <endian.h>
configure:4393: result: no
configure:4393: checking for endian.h
configure:4393: result: no
configure:4393: checking libkern/OSByteOrder.h usability
configure:4393: gcc -c -g -O2  conftest.c >&5
configure:4393: $? = 0
configure:4393: result: yes
configure:4393: checking libkern/OSByteOrder.h presence
configure:4393: gcc -E  conftest.c
configure:4393: $? = 0
configure:4393: result: yes
configure:4393: checking for libkern/OSByteOrder.h
configure:4393: result: yes
configure:4405: checking for an ANSI C-conforming const
configure:4471: gcc -c -g -O2  conftest.c >&5
configure:4471: $? = 0
configure:4478: result: yes
configure:4486: checking for inline
configure:4502: gcc -c -g -O2  conftest.c >&5
configure:4502: $? = 0
configure:4510: result: inline
configure:4532: checking for stdlib.h
configure:4532: result: yes
configure:4542: checking for GNU libc compatible malloc
configure:4566: gcc -o conftest -g -O2   conftest.c  >&5
configure:4566: $? = 0
configure:4566: ./conftest
configure:4566: $? = 0
configure:4576: result: yes
configure:4599: checking for stdlib.h
configure:4599: result: yes
configure:4609: checking for GNU libc compatible realloc
configure:4633: gcc -o conftest -g -O2   conftest.c  >&5
configure:4633: $? = 0
configure:4633: ./conftest
configure:4633: $? = 0
configure:4643: result: yes
configure:4666: checking for memset
configure:4666: gcc -o conftest -g -O2   conftest.c  >&5
conftest.c:54: warning: conflicting types for built-in function 'memset'
configure:4666: $? = 0
configure:4666: result: yes
configure:4677: checking for library containing db_strerror
configure:4708: gcc -o conftest -g -O2   conftest.c  >&5
Undefined symbols for architecture x86_64:
  "_db_strerror", referenced from:
      _main in cc2y4QTG.o
ld: symbol(s) not found for architecture x86_64
collect2: ld returned 1 exit status
configure:4708: $? = 1
configure: failed program was:
| /* confdefs.h */
| #define PACKAGE_NAME "readingdb"
| #define PACKAGE_TARNAME "readingdb"
| #define PACKAGE_VERSION "0.6.0"
| #define PACKAGE_STRING "readingdb 0.6.0"
| #define PACKAGE_BUGREPORT "stevedh@eecs.berkeley.edu"
| #define PACKAGE_URL ""
| #define PACKAGE "readingdb"
| #define VERSION "0.6.0"
| #define USE_COMPRESSION /**/
| #define READINGDB_USER "readingdb"
| #define DATA_DIR "/var/lib/readingdb"
| #define STDC_HEADERS 1
| #define HAVE_SYS_TYPES_H 1
| #define HAVE_SYS_STAT_H 1
| #define HAVE_STDLIB_H 1
| #define HAVE_STRING_H 1
| #define HAVE_MEMORY_H 1
| #define HAVE_STRINGS_H 1
| #define HAVE_INTTYPES_H 1
| #define HAVE_STDINT_H 1
| #define HAVE_UNISTD_H 1
| #define HAVE_STDLIB_H 1
| #define HAVE_STRING_H 1
| #define HAVE_LIBKERN_OSBYTEORDER_H 1
| #define HAVE_STDLIB_H 1
| #define HAVE_MALLOC 1
| #define HAVE_STDLIB_H 1
| #define HAVE_REALLOC 1
| #define HAVE_MEMSET 1
| /* end confdefs.h.  */
| 
| /* Override any GCC internal prototype to avoid an error.
|    Use char because int might match the return type of a GCC
|    builtin and then its argument prototype would still apply.  */
| #ifdef __cplusplus
| extern "C"
| #endif
| char db_strerror ();
| int
| main ()
| {
| return db_strerror ();
|   ;
|   return 0;
| }
configure:4708: gcc -o conftest -g -O2   conftest.c -ldb   >&5
configure:4708: $? = 0
configure:4725: result: -ldb
configure:4737: checking for library containing pthread_create
configure:4768: gcc -o conftest -g -O2   conftest.c -ldb  >&5
configure:4768: $? = 0
configure:4785: result: none required
configure:4795: checking for library containing compress2
configure:4826: gcc -o conftest -g -O2   conftest.c -ldb  >&5
Undefined symbols for architecture x86_64:
  "_compress2", referenced from:
      _main in ccYEpcEQ.o
ld: symbol(s) not found for architecture x86_64
collect2: ld returned 1 exit status
configure:4826: $? = 1
configure: failed program was:
| /* confdefs.h */
| #define PACKAGE_NAME "readingdb"
| #define PACKAGE_TARNAME "readingdb"
| #define PACKAGE_VERSION "0.6.0"
| #define PACKAGE_STRING "readingdb 0.6.0"
| #define PACKAGE_BUGREPORT "stevedh@eecs.berkeley.edu"
| #define PACKAGE_URL ""
| #define PACKAGE "readingdb"
| #define VERSION "0.6.0"
| #define USE_COMPRESSION /**/
| #define READINGDB_USER "readingdb"
| #define DATA_DIR "/var/lib/readingdb"
| #define STDC_HEADERS 1
| #define HAVE_SYS_TYPES_H 1
| #define HAVE_SYS_STAT_H 1
| #define HAVE_STDLIB_H 1
| #define HAVE_STRING_H 1
| #define HAVE_MEMORY_H 1
| #define HAVE_STRINGS_H 1
| #define HAVE_INTTYPES_H 1
| #define HAVE_STDINT_H 1
| #define HAVE_UNISTD_H 1
| #define HAVE_STDLIB_H 1
| #define HAVE_STRING_H 1
| #define HAVE_LIBKERN_OSBYTEORDER_H 1
| #define HAVE_STDLIB_H 1
| #define HAVE_MALLOC 1
| #define HAVE_STDLIB_H 1
| #define HAVE_REALLOC 1
| #define HAVE_MEMSET 1
| /* end confdefs.h.  */
| 
| /* Override any GCC internal prototype to avoid an error.
|    Use char because int might match the return type of a GCC
|    builtin and then its argument prototype would still apply.  */
| #ifdef __cplusplus
| extern "C"
| #endif
| char compress2 ();
| int
| main ()
| {
| return compress2 ();
|   ;
|   return 0;
| }
configure:4826: gcc -o conftest -g -O2   conftest.c -lz  -ldb  >&5
configure:4826: $? = 0
configure:4843: result: -lz
configure:4857: checking for protoc-c
configure:4875: found /usr/local/bin/protoc-c
configure:4887: result: /usr/local/bin/protoc-c
configure:4901: checking google/protobuf-c/protobuf-c.h usability
configure:4901: gcc -c -g -O2  conftest.c >&5
configure:4901: $? = 0
configure:4901: result: yes
configure:4901: checking google/protobuf-c/protobuf-c.h presence
configure:4901: gcc -E  conftest.c
configure:4901: $? = 0
configure:4901: result: yes
configure:4901: checking for google/protobuf-c/protobuf-c.h
configure:4901: result: yes
configure:4911: checking for library containing protobuf_c_message_pack
configure:4942: gcc -o conftest -g -O2   conftest.c -lz -ldb  >&5
Undefined symbols for architecture x86_64:
  "_protobuf_c_message_pack", referenced from:
      _main in ccCyqPTe.o
ld: symbol(s) not found for architecture x86_64
collect2: ld returned 1 exit status
configure:4942: $? = 1
configure: failed program was:
| /* confdefs.h */
| #define PACKAGE_NAME "readingdb"
| #define PACKAGE_TARNAME "readingdb"
| #define PACKAGE_VERSION "0.6.0"
| #define PACKAGE_STRING "readingdb 0.6.0"
| #define PACKAGE_BUGREPORT "stevedh@eecs.berkeley.edu"
| #define PACKAGE_URL ""
| #define PACKAGE "readingdb"
| #define VERSION "0.6.0"
| #define USE_COMPRESSION /**/
| #define READINGDB_USER "readingdb"
| #define DATA_DIR "/var/lib/readingdb"
| #define STDC_HEADERS 1
| #define HAVE_SYS_TYPES_H 1
| #define HAVE_SYS_STAT_H 1
| #define HAVE_STDLIB_H 1
| #define HAVE_STRING_H 1
| #define HAVE_MEMORY_H 1
| #define HAVE_STRINGS_H 1
| #define HAVE_INTTYPES_H 1
| #define HAVE_STDINT_H 1
| #define HAVE_UNISTD_H 1
| #define HAVE_STDLIB_H 1
| #define HAVE_STRING_H 1
| #define HAVE_LIBKERN_OSBYTEORDER_H 1
| #define HAVE_STDLIB_H 1
| #define HAVE_MALLOC 1
| #define HAVE_STDLIB_H 1
| #define HAVE_REALLOC 1
| #define HAVE_MEMSET 1
| #define HAVE_GOOGLE_PROTOBUF_C_PROTOBUF_C_H 1
| /* end confdefs.h.  */
| 
| /* Override any GCC internal prototype to avoid an error.
|    Use char because int might match the return type of a GCC
|    builtin and then its argument prototype would still apply.  */
| #ifdef __cplusplus
| extern "C"
| #endif
| char protobuf_c_message_pack ();
| int
| main ()
| {
| return protobuf_c_message_pack ();
|   ;
|   return 0;
| }
configure:4942: gcc -o conftest -g -O2   conftest.c -lprotobuf-c  -lz -ldb  >&5
configure:4942: $? = 0
configure:4959: result: -lprotobuf-c
configure:5085: checking that generated files are newer than configure
configure:5091: result: done
configure:5114: creating ./config.status

## ---------------------- ##
## Running config.status. ##
## ---------------------- ##

This file was extended by readingdb config.status 0.6.0, which was
generated by GNU Autoconf 2.69.  Invocation command line was

  CONFIG_FILES    = 
  CONFIG_HEADERS  = 
  CONFIG_LINKS    = 
  CONFIG_COMMANDS = 
  $ ./config.status 

on dhcp-44-209.eecs.berkeley.edu

config.status:869: creating Makefile
config.status:869: creating c6/Makefile
config.status:869: creating c6/pbuf/Makefile
config.status:869: creating c6/config.h
config.status:1050: c6/config.h is unchanged
config.status:1098: executing depfiles commands
configure:6498: === configuring in c6/hashtable/ (/Users/AAB/Research/BSE/tyler/readingdb/c6/hashtable/)
configure:6561: running /bin/sh ./configure --disable-option-checking '--prefix=/usr/local'  --cache-file=/dev/null --srcdir=.

## ---------------- ##
## Cache variables. ##
## ---------------- ##

ac_cv_c_compiler_gnu=yes
ac_cv_c_const=yes
ac_cv_c_inline=inline
ac_cv_env_CC_set=
ac_cv_env_CC_value=
ac_cv_env_CFLAGS_set=
ac_cv_env_CFLAGS_value=
ac_cv_env_CPPFLAGS_set=
ac_cv_env_CPPFLAGS_value=
ac_cv_env_CPP_set=
ac_cv_env_CPP_value=
ac_cv_env_LDFLAGS_set=
ac_cv_env_LDFLAGS_value=
ac_cv_env_LIBS_set=
ac_cv_env_LIBS_value=
ac_cv_env_build_alias_set=
ac_cv_env_build_alias_value=
ac_cv_env_host_alias_set=
ac_cv_env_host_alias_value=
ac_cv_env_target_alias_set=
ac_cv_env_target_alias_value=
ac_cv_func_malloc_0_nonnull=yes
ac_cv_func_memset=yes
ac_cv_func_realloc_0_nonnull=yes
ac_cv_header_endian_h=no
ac_cv_header_google_protobuf_c_protobuf_c_h=yes
ac_cv_header_inttypes_h=yes
ac_cv_header_libkern_OSByteOrder_h=yes
ac_cv_header_memory_h=yes
ac_cv_header_stdc=yes
ac_cv_header_stdint_h=yes
ac_cv_header_stdlib_h=yes
ac_cv_header_string_h=yes
ac_cv_header_strings_h=yes
ac_cv_header_sys_stat_h=yes
ac_cv_header_sys_types_h=yes
ac_cv_header_unistd_h=yes
ac_cv_objext=o
ac_cv_path_EGREP='/usr/bin/grep -E'
ac_cv_path_GREP=/usr/bin/grep
ac_cv_path_PROTOC=/usr/local/bin/protoc-c
ac_cv_path_install='/usr/bin/install -c'
ac_cv_prog_AWK=awk
ac_cv_prog_CPP='gcc -E'
ac_cv_prog_ac_ct_CC=gcc
ac_cv_prog_ac_ct_RANLIB=ranlib
ac_cv_prog_cc_c89=
ac_cv_prog_cc_g=yes
ac_cv_prog_cc_gcc_c_o=yes
ac_cv_prog_make_make_set=yes
ac_cv_search_compress2=-lz
ac_cv_search_db_strerror=-ldb
ac_cv_search_protobuf_c_message_pack=-lprotobuf-c
ac_cv_search_pthread_create='none required'
am_cv_CC_dependencies_compiler_type=gcc3
am_cv_make_support_nested_variables=yes

## ----------------- ##
## Output variables. ##
## ----------------- ##

ACLOCAL='${SHELL} /Users/AAB/Research/BSE/tyler/readingdb/missing aclocal-1.13'
AMDEPBACKSLASH='\'
AMDEP_FALSE='#'
AMDEP_TRUE=''
AMTAR='$${TAR-tar}'
AM_BACKSLASH='\'
AM_DEFAULT_V='$(AM_DEFAULT_VERBOSITY)'
AM_DEFAULT_VERBOSITY='1'
AM_V='$(V)'
AUTOCONF='${SHELL} /Users/AAB/Research/BSE/tyler/readingdb/missing autoconf'
AUTOHEADER='${SHELL} /Users/AAB/Research/BSE/tyler/readingdb/missing autoheader'
AUTOMAKE='${SHELL} /Users/AAB/Research/BSE/tyler/readingdb/missing automake-1.13'
AWK='awk'
CC='gcc'
CCDEPMODE='depmode=gcc3'
CFLAGS='-g -O2'
CPP='gcc -E'
CPPFLAGS=''
CYGPATH_W='echo'
DEFS='-DHAVE_CONFIG_H'
DEPDIR='.deps'
ECHO_C='\c'
ECHO_N=''
ECHO_T=''
EGREP='/usr/bin/grep -E'
EXEEXT=''
GREP='/usr/bin/grep'
INSTALL_DATA='${INSTALL} -m 644'
INSTALL_PROGRAM='${INSTALL}'
INSTALL_SCRIPT='${INSTALL}'
INSTALL_STRIP_PROGRAM='$(install_sh) -c -s'
LDFLAGS=''
LIBOBJS=''
LIBS='-lprotobuf-c -lz -ldb '
LTLIBOBJS=''
MAKEINFO='${SHELL} /Users/AAB/Research/BSE/tyler/readingdb/missing makeinfo'
MKDIR_P='./install-sh -c -d'
OBJEXT='o'
PACKAGE='readingdb'
PACKAGE_BUGREPORT='stevedh@eecs.berkeley.edu'
PACKAGE_NAME='readingdb'
PACKAGE_STRING='readingdb 0.6.0'
PACKAGE_TARNAME='readingdb'
PACKAGE_URL=''
PACKAGE_VERSION='0.6.0'
PATH_SEPARATOR=':'
PROTOC='/usr/local/bin/protoc-c'
RANLIB='ranlib'
SET_MAKE=''
SHELL='/bin/sh'
STRIP=''
VERSION='0.6.0'
ac_ct_CC='gcc'
am__EXEEXT_FALSE=''
am__EXEEXT_TRUE='#'
am__fastdepCC_FALSE='#'
am__fastdepCC_TRUE=''
am__include='include'
am__isrc=''
am__leading_dot='.'
am__nodep='_no'
am__quote=''
am__tar='$${TAR-tar} chof - "$$tardir"'
am__untar='$${TAR-tar} xf -'
bindir='${exec_prefix}/bin'
build_alias=''
datadir='${datarootdir}'
datarootdir='${prefix}/share'
docdir='${datarootdir}/doc/${PACKAGE_TARNAME}'
dvidir='${docdir}'
exec_prefix='${prefix}'
host_alias=''
htmldir='${docdir}'
includedir='${prefix}/include'
infodir='${datarootdir}/info'
install_sh='${SHELL} /Users/AAB/Research/BSE/tyler/readingdb/install-sh'
libdir='${exec_prefix}/lib'
libexecdir='${exec_prefix}/libexec'
localedir='${datarootdir}/locale'
localstatedir='${prefix}/var'
mandir='${datarootdir}/man'
mkdir_p='$(MKDIR_P)'
oldincludedir='/usr/include'
pdfdir='${docdir}'
prefix='/usr/local'
program_transform_name='s,x,x,'
psdir='${docdir}'
sbindir='${exec_prefix}/sbin'
sharedstatedir='${prefix}/com'
subdirs=' c6/hashtable/'
sysconfdir='${prefix}/etc'
target_alias=''

## ----------- ##
## confdefs.h. ##
## ----------- ##

/* confdefs.h */
#define PACKAGE_NAME "readingdb"
#define PACKAGE_TARNAME "readingdb"
#define PACKAGE_VERSION "0.6.0"
#define PACKAGE_STRING "readingdb 0.6.0"
#define PACKAGE_BUGREPORT "stevedh@eecs.berkeley.edu"
#define PACKAGE_URL ""
#define PACKAGE "readingdb"
#define VERSION "0.6.0"
#define USE_COMPRESSION /**/
#define READINGDB_USER "readingdb"
#define DATA_DIR "/var/lib/readingdb"
#define STDC_HEADERS 1
#define HAVE_SYS_TYPES_H 1
#define HAVE_SYS_STAT_H 1
#define HAVE_STDLIB_H 1
#define HAVE_STRING_H 1
#define HAVE_MEMORY_H 1
#define HAVE_STRINGS_H 1
#define HAVE_INTTYPES_H 1
#define HAVE_STDINT_H 1
#define HAVE_UNISTD_H 1
#define HAVE_STDLIB_H 1
#define HAVE_STRING_H 1
#define HAVE_LIBKERN_OSBYTEORDER_H 1
#define HAVE_STDLIB_H 1
#define HAVE_MALLOC 1
#define HAVE_STDLIB_H 1
#define HAVE_REALLOC 1
#define HAVE_MEMSET 1
#define HAVE_GOOGLE_PROTOBUF_C_PROTOBUF_C_H 1

configure: exit 0
